http - start an HTTP tunnel

USAGE:
  ngrok http [address:port | port] [flags]

AUTHOR:
  ngrok - <support@ngrok.com>

COMMANDS: 
  config          update or migrate ngrok's configuration file
  http            start an HTTP tunnel
  tcp             start a TCP tunnel
  tunnel          start a tunnel for use with a tunnel-group backend

EXAMPLES: 
  ngrok http 80                                                 # secure public URL for port 80 web server
  ngrok http --domain baz.ngrok.dev 8080                        # port 8080 available at baz.ngrok.dev
  ngrok tcp 22                                                  # tunnel arbitrary TCP traffic to port 22
  ngrok http 80 --oauth=google --oauth-allow-email=foo@foo.com  # secure your app with oauth

Paid Features: 
  ngrok http 80 --domain mydomain.com                           # run ngrok with your own custom domain
  ngrok http 80 --allow-cidr 2600:8c00::a03c:91ee:fe69:9695/32  # run ngrok with IP policy restrictions
  Upgrade your account at https://dashboard.ngrok.com/billing/subscription to access paid features

Upgrade your account at https://dashboard.ngrok.com/billing/subscription to access paid features

Flags:
  -h, --help      help for ngrok

Use "ngrok [command] --help" for more information about a command.

ERROR:  authentication failed: Your account is limited to 1 simultaneous ngrok agent sessions.
ERROR:  You can run multiple simultaneous tunnels from a single agent session by defining the tunnels in your agent configuration file and starting them with the command `ngrok start --all`.
ERROR:  Read more about the agent configuration file: https://ngrok.com/docs/secure-tunnels/ngrok-agent/reference/config
ERROR:  You can view your current agent sessions in the dashboard:
ERROR:  https://dashboard.ngrok.com/tunnels/agents
ERROR:  
ERROR:  ERR_NGROK_108
ERROR:  https://ngrok.com/docs/errors/err_ngrok_108
ERROR:  
